[2024-05-22 13:55:14,067: INFO: main: ........ Stage Data Ingestion Stage started........!!!!!!!!]
[2024-05-22 13:55:14,068: INFO: common: YAML file: C:\Users\petersunny.markappa\_00_Peter_Practice_Projects\_02_In_Progress\_02_ML_Projects_Krish_Naik_Course_list\02_DL_MLOPS_DVC_Azure_AWS\DL_Chicken_Disease_Classification_AWS_AZURE_DVC\config\config.yaml loaded successfully]
[2024-05-22 13:55:14,069: INFO: common: YAML file: C:\Users\petersunny.markappa\_00_Peter_Practice_Projects\_02_In_Progress\_02_ML_Projects_Krish_Naik_Course_list\02_DL_MLOPS_DVC_Azure_AWS\DL_Chicken_Disease_Classification_AWS_AZURE_DVC\params.yaml loaded successfully]
[2024-05-22 13:55:14,070: INFO: common: Created Directory at : artifacts]
[2024-05-22 13:55:14,902: ERROR: state_01_data_ingestion: Error during data ingestion: [Errno 2] No such file or directory: 'artifacts\\data_ingestion\\data.zip']
[2024-05-22 13:55:14,903: ERROR: main: [Errno 2] No such file or directory: 'artifacts\\data_ingestion\\data.zip']
Traceback (most recent call last):
  File "C:\Users\petersunny.markappa\_00_Peter_Practice_Projects\_02_In_Progress\_02_ML_Projects_Krish_Naik_Course_list\02_DL_MLOPS_DVC_Azure_AWS\DL_Chicken_Disease_Classification_AWS_AZURE_DVC\main.py", line 11, in <module>
    obj.main()
  File "c:\users\petersunny.markappa\_00_peter_practice_projects\_02_in_progress\_02_ml_projects_krish_naik_course_list\02_dl_mlops_dvc_azure_aws\dl_chicken_disease_classification_aws_azure_dvc\src\ImageClassification\pipeline\state_01_data_ingestion.py", line 21, in main
    raise e
  File "c:\users\petersunny.markappa\_00_peter_practice_projects\_02_in_progress\_02_ml_projects_krish_naik_course_list\02_dl_mlops_dvc_azure_aws\dl_chicken_disease_classification_aws_azure_dvc\src\ImageClassification\pipeline\state_01_data_ingestion.py", line 17, in main
    data_ingestion.download_file()
  File "c:\users\petersunny.markappa\_00_peter_practice_projects\_02_in_progress\_02_ml_projects_krish_naik_course_list\02_dl_mlops_dvc_azure_aws\dl_chicken_disease_classification_aws_azure_dvc\src\ImageClassification\components\data_ingestion.py", line 17, in download_file
    filename, headers = request.urlretrieve(
  File "C:\Users\petersunny.markappa\Anaconda3\envs\DLMLops_DVC_Azure_AWS\lib\urllib\request.py", line 249, in urlretrieve
    tfp = open(filename, 'wb')
FileNotFoundError: [Errno 2] No such file or directory: 'artifacts\\data_ingestion\\data.zip'
[2024-05-22 13:58:19,022: INFO: main: ........ Stage Data Ingestion Stage started........!!!!!!!!]
[2024-05-22 13:58:19,024: INFO: common: YAML file: C:\Users\petersunny.markappa\_00_Peter_Practice_Projects\_02_In_Progress\_02_ML_Projects_Krish_Naik_Course_list\02_DL_MLOPS_DVC_Azure_AWS\DL_Chicken_Disease_Classification_AWS_AZURE_DVC\config\config.yaml loaded successfully]
[2024-05-22 13:58:19,025: INFO: common: YAML file: C:\Users\petersunny.markappa\_00_Peter_Practice_Projects\_02_In_Progress\_02_ML_Projects_Krish_Naik_Course_list\02_DL_MLOPS_DVC_Azure_AWS\DL_Chicken_Disease_Classification_AWS_AZURE_DVC\params.yaml loaded successfully]
[2024-05-22 13:58:20,028: ERROR: state_01_data_ingestion: Error during data ingestion: [Errno 2] No such file or directory: 'artifacts\\data_ingestion\\data.zip']
[2024-05-22 13:58:20,028: ERROR: main: [Errno 2] No such file or directory: 'artifacts\\data_ingestion\\data.zip']
Traceback (most recent call last):
  File "C:\Users\petersunny.markappa\_00_Peter_Practice_Projects\_02_In_Progress\_02_ML_Projects_Krish_Naik_Course_list\02_DL_MLOPS_DVC_Azure_AWS\DL_Chicken_Disease_Classification_AWS_AZURE_DVC\main.py", line 11, in <module>
    obj.main()
  File "c:\users\petersunny.markappa\_00_peter_practice_projects\_02_in_progress\_02_ml_projects_krish_naik_course_list\02_dl_mlops_dvc_azure_aws\dl_chicken_disease_classification_aws_azure_dvc\src\ImageClassification\pipeline\state_01_data_ingestion.py", line 21, in main
    raise e
  File "c:\users\petersunny.markappa\_00_peter_practice_projects\_02_in_progress\_02_ml_projects_krish_naik_course_list\02_dl_mlops_dvc_azure_aws\dl_chicken_disease_classification_aws_azure_dvc\src\ImageClassification\pipeline\state_01_data_ingestion.py", line 17, in main
    data_ingestion.download_file()
  File "c:\users\petersunny.markappa\_00_peter_practice_projects\_02_in_progress\_02_ml_projects_krish_naik_course_list\02_dl_mlops_dvc_azure_aws\dl_chicken_disease_classification_aws_azure_dvc\src\ImageClassification\components\data_ingestion.py", line 17, in download_file
    filename, headers = request.urlretrieve(
  File "C:\Users\petersunny.markappa\Anaconda3\envs\DLMLops_DVC_Azure_AWS\lib\urllib\request.py", line 249, in urlretrieve
    tfp = open(filename, 'wb')
FileNotFoundError: [Errno 2] No such file or directory: 'artifacts\\data_ingestion\\data.zip'
[2024-05-22 13:59:47,561: INFO: main: ........ Stage Data Ingestion Stage started........!!!!!!!!]
[2024-05-22 13:59:47,562: INFO: common: YAML file: C:\Users\petersunny.markappa\_00_Peter_Practice_Projects\_02_In_Progress\_02_ML_Projects_Krish_Naik_Course_list\02_DL_MLOPS_DVC_Azure_AWS\DL_Chicken_Disease_Classification_AWS_AZURE_DVC\config\config.yaml loaded successfully]
[2024-05-22 13:59:47,563: INFO: common: YAML file: C:\Users\petersunny.markappa\_00_Peter_Practice_Projects\_02_In_Progress\_02_ML_Projects_Krish_Naik_Course_list\02_DL_MLOPS_DVC_Azure_AWS\DL_Chicken_Disease_Classification_AWS_AZURE_DVC\params.yaml loaded successfully]
[2024-05-22 13:59:48,506: ERROR: state_01_data_ingestion: Error during data ingestion: [Errno 2] No such file or directory: 'artifacts\\data_ingestion\\data.zip']
[2024-05-22 13:59:48,507: ERROR: main: [Errno 2] No such file or directory: 'artifacts\\data_ingestion\\data.zip']
Traceback (most recent call last):
  File "C:\Users\petersunny.markappa\_00_Peter_Practice_Projects\_02_In_Progress\_02_ML_Projects_Krish_Naik_Course_list\02_DL_MLOPS_DVC_Azure_AWS\DL_Chicken_Disease_Classification_AWS_AZURE_DVC\main.py", line 11, in <module>
    obj.main()
  File "c:\users\petersunny.markappa\_00_peter_practice_projects\_02_in_progress\_02_ml_projects_krish_naik_course_list\02_dl_mlops_dvc_azure_aws\dl_chicken_disease_classification_aws_azure_dvc\src\ImageClassification\pipeline\state_01_data_ingestion.py", line 21, in main
    raise e
  File "c:\users\petersunny.markappa\_00_peter_practice_projects\_02_in_progress\_02_ml_projects_krish_naik_course_list\02_dl_mlops_dvc_azure_aws\dl_chicken_disease_classification_aws_azure_dvc\src\ImageClassification\pipeline\state_01_data_ingestion.py", line 17, in main
    data_ingestion.download_file()
  File "c:\users\petersunny.markappa\_00_peter_practice_projects\_02_in_progress\_02_ml_projects_krish_naik_course_list\02_dl_mlops_dvc_azure_aws\dl_chicken_disease_classification_aws_azure_dvc\src\ImageClassification\components\data_ingestion.py", line 17, in download_file
    filename, headers = request.urlretrieve(
  File "C:\Users\petersunny.markappa\Anaconda3\envs\DLMLops_DVC_Azure_AWS\lib\urllib\request.py", line 249, in urlretrieve
    tfp = open(filename, 'wb')
FileNotFoundError: [Errno 2] No such file or directory: 'artifacts\\data_ingestion\\data.zip'
[2024-05-22 14:00:44,900: INFO: main: ........ Stage Data Ingestion Stage started........!!!!!!!!]
[2024-05-22 14:00:44,901: INFO: common: YAML file: C:\Users\petersunny.markappa\_00_Peter_Practice_Projects\_02_In_Progress\_02_ML_Projects_Krish_Naik_Course_list\02_DL_MLOPS_DVC_Azure_AWS\DL_Chicken_Disease_Classification_AWS_AZURE_DVC\config\config.yaml loaded successfully]
[2024-05-22 14:00:44,902: INFO: common: YAML file: C:\Users\petersunny.markappa\_00_Peter_Practice_Projects\_02_In_Progress\_02_ML_Projects_Krish_Naik_Course_list\02_DL_MLOPS_DVC_Azure_AWS\DL_Chicken_Disease_Classification_AWS_AZURE_DVC\params.yaml loaded successfully]
[2024-05-22 14:00:46,936: INFO: main: ......... Stage Data Ingestion Stage Completed .......!!!!!!]
[2024-05-22 14:06:32,419: INFO: main: ........ Stage Data Ingestion Stage started........!!!!!!!!]
[2024-05-22 14:06:32,420: INFO: common: YAML file: C:\Users\petersunny.markappa\_00_Peter_Practice_Projects\_02_In_Progress\_02_ML_Projects_Krish_Naik_Course_list\02_DL_MLOPS_DVC_Azure_AWS\DL_Chicken_Disease_Classification_AWS_AZURE_DVC\config\config.yaml loaded successfully]
[2024-05-22 14:06:32,421: INFO: common: YAML file: C:\Users\petersunny.markappa\_00_Peter_Practice_Projects\_02_In_Progress\_02_ML_Projects_Krish_Naik_Course_list\02_DL_MLOPS_DVC_Azure_AWS\DL_Chicken_Disease_Classification_AWS_AZURE_DVC\params.yaml loaded successfully]
[2024-05-22 14:06:32,423: INFO: data_ingestion: File already exists of size: ~ 11345 KB]
[2024-05-22 14:06:32,820: INFO: main: ......... Stage Data Ingestion Stage Completed .......!!!!!!]
[2024-05-22 14:08:43,883: INFO: main: ........ Stage Data Ingestion Stage started........!!!!!!!!]
[2024-05-22 14:08:43,884: INFO: common: YAML file: C:\Users\petersunny.markappa\_00_Peter_Practice_Projects\_02_In_Progress\_02_ML_Projects_Krish_Naik_Course_list\02_DL_MLOPS_DVC_Azure_AWS\DL_Chicken_Disease_Classification_AWS_AZURE_DVC\config\config.yaml loaded successfully]
[2024-05-22 14:08:43,885: INFO: common: YAML file: C:\Users\petersunny.markappa\_00_Peter_Practice_Projects\_02_In_Progress\_02_ML_Projects_Krish_Naik_Course_list\02_DL_MLOPS_DVC_Azure_AWS\DL_Chicken_Disease_Classification_AWS_AZURE_DVC\params.yaml loaded successfully]
[2024-05-22 14:08:43,887: INFO: data_ingestion: File already exists of size: ~ 11345 KB]
[2024-05-22 14:08:44,290: INFO: main: ......... Stage Data Ingestion Stage Completed .......!!!!!!]
[2024-05-22 14:10:13,838: INFO: main: ........ Stage Data Ingestion Stage started........!!!!!!!!]
[2024-05-22 14:10:13,839: INFO: common: YAML file: C:\Users\petersunny.markappa\_00_Peter_Practice_Projects\_02_In_Progress\_02_ML_Projects_Krish_Naik_Course_list\02_DL_MLOPS_DVC_Azure_AWS\DL_Chicken_Disease_Classification_AWS_AZURE_DVC\config\config.yaml loaded successfully]
[2024-05-22 14:10:13,840: INFO: common: YAML file: C:\Users\petersunny.markappa\_00_Peter_Practice_Projects\_02_In_Progress\_02_ML_Projects_Krish_Naik_Course_list\02_DL_MLOPS_DVC_Azure_AWS\DL_Chicken_Disease_Classification_AWS_AZURE_DVC\params.yaml loaded successfully]
[2024-05-22 14:10:13,841: INFO: common: Created Directory at : artifacts]
[2024-05-22 14:10:16,962: INFO: main: ......... Stage Data Ingestion Stage Completed .......!!!!!!]
[2024-05-22 14:10:43,910: INFO: main: ........ Stage Data Ingestion Stage started........!!!!!!!!]
[2024-05-22 14:10:43,912: INFO: common: YAML file: C:\Users\petersunny.markappa\_00_Peter_Practice_Projects\_02_In_Progress\_02_ML_Projects_Krish_Naik_Course_list\02_DL_MLOPS_DVC_Azure_AWS\DL_Chicken_Disease_Classification_AWS_AZURE_DVC\config\config.yaml loaded successfully]
[2024-05-22 14:10:43,913: INFO: common: YAML file: C:\Users\petersunny.markappa\_00_Peter_Practice_Projects\_02_In_Progress\_02_ML_Projects_Krish_Naik_Course_list\02_DL_MLOPS_DVC_Azure_AWS\DL_Chicken_Disease_Classification_AWS_AZURE_DVC\params.yaml loaded successfully]
[2024-05-22 14:10:43,913: INFO: common: Created Directory at : artifacts]
[2024-05-22 14:10:44,706: ERROR: state_01_data_ingestion: Error during data ingestion: File is not a zip file]
[2024-05-22 14:10:44,707: ERROR: main: File is not a zip file]
Traceback (most recent call last):
  File "C:\Users\petersunny.markappa\_00_Peter_Practice_Projects\_02_In_Progress\_02_ML_Projects_Krish_Naik_Course_list\02_DL_MLOPS_DVC_Azure_AWS\DL_Chicken_Disease_Classification_AWS_AZURE_DVC\main.py", line 11, in <module>
    obj.main()
  File "c:\users\petersunny.markappa\_00_peter_practice_projects\_02_in_progress\_02_ml_projects_krish_naik_course_list\02_dl_mlops_dvc_azure_aws\dl_chicken_disease_classification_aws_azure_dvc\src\ImageClassification\pipeline\state_01_data_ingestion.py", line 21, in main
    raise e
  File "c:\users\petersunny.markappa\_00_peter_practice_projects\_02_in_progress\_02_ml_projects_krish_naik_course_list\02_dl_mlops_dvc_azure_aws\dl_chicken_disease_classification_aws_azure_dvc\src\ImageClassification\pipeline\state_01_data_ingestion.py", line 18, in main
    data_ingestion.extract_zip_file()
  File "c:\users\petersunny.markappa\_00_peter_practice_projects\_02_in_progress\_02_ml_projects_krish_naik_course_list\02_dl_mlops_dvc_azure_aws\dl_chicken_disease_classification_aws_azure_dvc\src\ImageClassification\components\data_ingestion.py", line 73, in extract_zip_file
    with zipfile.ZipFile(self.config.local_data_file, 'r') as zip_ref:
  File "C:\Users\petersunny.markappa\Anaconda3\envs\DLMLops_DVC_Azure_AWS\lib\zipfile.py", line 1257, in __init__
    self._RealGetContents()
  File "C:\Users\petersunny.markappa\Anaconda3\envs\DLMLops_DVC_Azure_AWS\lib\zipfile.py", line 1324, in _RealGetContents
    raise BadZipFile("File is not a zip file")
zipfile.BadZipFile: File is not a zip file
[2024-05-22 14:11:40,009: INFO: main: ........ Stage Data Ingestion Stage started........!!!!!!!!]
[2024-05-22 14:11:40,010: INFO: common: YAML file: C:\Users\petersunny.markappa\_00_Peter_Practice_Projects\_02_In_Progress\_02_ML_Projects_Krish_Naik_Course_list\02_DL_MLOPS_DVC_Azure_AWS\DL_Chicken_Disease_Classification_AWS_AZURE_DVC\config\config.yaml loaded successfully]
[2024-05-22 14:11:40,011: INFO: common: YAML file: C:\Users\petersunny.markappa\_00_Peter_Practice_Projects\_02_In_Progress\_02_ML_Projects_Krish_Naik_Course_list\02_DL_MLOPS_DVC_Azure_AWS\DL_Chicken_Disease_Classification_AWS_AZURE_DVC\params.yaml loaded successfully]
[2024-05-22 14:11:40,012: INFO: common: Created Directory at : artifacts]
[2024-05-22 14:11:42,948: INFO: main: ......... Stage Data Ingestion Stage Completed .......!!!!!!]
[2024-05-22 15:01:27,528: INFO: main: ........ Stage Data Ingestion Stage started........!!!!!!!!]
[2024-05-22 15:01:27,530: INFO: common: YAML file: C:\Users\petersunny.markappa\_00_Peter_Practice_Projects\_02_In_Progress\_02_ML_Projects_Krish_Naik_Course_list\02_DL_MLOPS_DVC_Azure_AWS\DL_Chicken_Disease_Classification_AWS_AZURE_DVC\config\config.yaml loaded successfully]
[2024-05-22 15:01:27,530: INFO: common: YAML file: C:\Users\petersunny.markappa\_00_Peter_Practice_Projects\_02_In_Progress\_02_ML_Projects_Krish_Naik_Course_list\02_DL_MLOPS_DVC_Azure_AWS\DL_Chicken_Disease_Classification_AWS_AZURE_DVC\params.yaml loaded successfully]
[2024-05-22 15:01:27,532: INFO: data_ingestion: File already exists of size: ~ 11345 KB]
[2024-05-22 15:01:27,919: INFO: main: ......... Stage Data Ingestion Stage Completed .......!!!!!!]
[2024-05-22 16:14:13,923: INFO: main: ........ Stage Data Ingestion Stage started........!!!!!!!!]
[2024-05-22 16:14:13,925: INFO: common: YAML file: C:\Users\petersunny.markappa\_00_Peter_Practice_Projects\_02_In_Progress\_02_ML_Projects_Krish_Naik_Course_list\02_DL_MLOPS_DVC_Azure_AWS\DL_Chicken_Disease_Classification_AWS_AZURE_DVC\config\config.yaml loaded successfully]
[2024-05-22 16:14:13,926: INFO: common: YAML file: C:\Users\petersunny.markappa\_00_Peter_Practice_Projects\_02_In_Progress\_02_ML_Projects_Krish_Naik_Course_list\02_DL_MLOPS_DVC_Azure_AWS\DL_Chicken_Disease_Classification_AWS_AZURE_DVC\params.yaml loaded successfully]
[2024-05-22 16:14:13,928: INFO: data_ingestion: File already exists of size: ~ 11345 KB]
[2024-05-22 16:14:14,320: INFO: main: ......... Stage Data Ingestion Stage Completed .......!!!!!!]
[2024-05-23 19:15:58,220: INFO: main: ........ Stage Data Ingestion Stage started........!!!!!!!!]
[2024-05-23 19:15:58,222: INFO: common: YAML file: C:\Users\petersunny.markappa\_00_Peter_Practice_Projects\_02_In_Progress\_02_ML_Projects_Krish_Naik_Course_list\02_DL_MLOPS_DVC_Azure_AWS\DL_Chicken_Disease_Classification_AWS_AZURE_DVC\config\config.yaml loaded successfully]
[2024-05-23 19:15:58,223: INFO: common: YAML file: C:\Users\petersunny.markappa\_00_Peter_Practice_Projects\_02_In_Progress\_02_ML_Projects_Krish_Naik_Course_list\02_DL_MLOPS_DVC_Azure_AWS\DL_Chicken_Disease_Classification_AWS_AZURE_DVC\params.yaml loaded successfully]
[2024-05-23 19:15:58,225: INFO: data_ingestion: File already exists of size: ~ 11345 KB]
[2024-05-23 19:15:58,620: INFO: main: ......... Stage Data Ingestion Stage Completed .......!!!!!!]
[2024-05-23 19:15:58,620: INFO: main: ........ Stage Prepare Base Model started........!!!!!!!!]
[2024-05-23 19:15:58,622: INFO: common: YAML file: C:\Users\petersunny.markappa\_00_Peter_Practice_Projects\_02_In_Progress\_02_ML_Projects_Krish_Naik_Course_list\02_DL_MLOPS_DVC_Azure_AWS\DL_Chicken_Disease_Classification_AWS_AZURE_DVC\config\config.yaml loaded successfully]
[2024-05-23 19:15:58,623: INFO: common: YAML file: C:\Users\petersunny.markappa\_00_Peter_Practice_Projects\_02_In_Progress\_02_ML_Projects_Krish_Naik_Course_list\02_DL_MLOPS_DVC_Azure_AWS\DL_Chicken_Disease_Classification_AWS_AZURE_DVC\params.yaml loaded successfully]
[2024-05-23 19:15:58,624: INFO: common: Created Directory at : artifacts/prepare_base_model]
[2024-05-23 19:15:58,898: WARNING: saving_api: You are saving your model as an HDF5 file via `model.save()` or `keras.saving.save_model(model)`. This file format is considered legacy. We recommend using instead the native Keras format, e.g. `model.save('my_model.keras')` or `keras.saving.save_model(model, 'my_model.keras')`. ]
[2024-05-23 19:15:58,991: INFO: main: ......... Stage Prepare Base Model Completed .......!!!!!!]
[2024-05-23 20:52:53,556: INFO: common: YAML file: C:\Users\petersunny.markappa\_00_Peter_Practice_Projects\_02_In_Progress\_02_ML_Projects_Krish_Naik_Course_list\02_DL_MLOPS_DVC_Azure_AWS\DL_Chicken_Disease_Classification_AWS_AZURE_DVC\config\config.yaml loaded successfully]
[2024-05-23 20:52:53,560: INFO: common: YAML file: C:\Users\petersunny.markappa\_00_Peter_Practice_Projects\_02_In_Progress\_02_ML_Projects_Krish_Naik_Course_list\02_DL_MLOPS_DVC_Azure_AWS\DL_Chicken_Disease_Classification_AWS_AZURE_DVC\params.yaml loaded successfully]
[2024-05-23 20:54:04,055: INFO: common: YAML file: C:\Users\petersunny.markappa\_00_Peter_Practice_Projects\_02_In_Progress\_02_ML_Projects_Krish_Naik_Course_list\02_DL_MLOPS_DVC_Azure_AWS\DL_Chicken_Disease_Classification_AWS_AZURE_DVC\config\config.yaml loaded successfully]
[2024-05-23 20:54:04,058: INFO: common: YAML file: C:\Users\petersunny.markappa\_00_Peter_Practice_Projects\_02_In_Progress\_02_ML_Projects_Krish_Naik_Course_list\02_DL_MLOPS_DVC_Azure_AWS\DL_Chicken_Disease_Classification_AWS_AZURE_DVC\params.yaml loaded successfully]
[2024-05-23 20:54:10,200: INFO: common: YAML file: C:\Users\petersunny.markappa\_00_Peter_Practice_Projects\_02_In_Progress\_02_ML_Projects_Krish_Naik_Course_list\02_DL_MLOPS_DVC_Azure_AWS\DL_Chicken_Disease_Classification_AWS_AZURE_DVC\config\config.yaml loaded successfully]
[2024-05-23 20:54:10,203: INFO: common: YAML file: C:\Users\petersunny.markappa\_00_Peter_Practice_Projects\_02_In_Progress\_02_ML_Projects_Krish_Naik_Course_list\02_DL_MLOPS_DVC_Azure_AWS\DL_Chicken_Disease_Classification_AWS_AZURE_DVC\params.yaml loaded successfully]
[2024-05-23 20:57:11,970: INFO: common: YAML file: C:\Users\petersunny.markappa\_00_Peter_Practice_Projects\_02_In_Progress\_02_ML_Projects_Krish_Naik_Course_list\02_DL_MLOPS_DVC_Azure_AWS\DL_Chicken_Disease_Classification_AWS_AZURE_DVC\config\config.yaml loaded successfully]
[2024-05-23 20:57:11,972: INFO: common: YAML file: C:\Users\petersunny.markappa\_00_Peter_Practice_Projects\_02_In_Progress\_02_ML_Projects_Krish_Naik_Course_list\02_DL_MLOPS_DVC_Azure_AWS\DL_Chicken_Disease_Classification_AWS_AZURE_DVC\params.yaml loaded successfully]
[2024-05-23 20:57:11,975: INFO: common: Created Directory at : artifacts\prepare_callbacks\checkpoint_dir]
[2024-05-23 20:57:11,995: INFO: common: Created Directory at : artifacts\prepare_callbacks\tensorboard_log_dir]
[2024-05-23 20:58:01,762: INFO: common: YAML file: C:\Users\petersunny.markappa\_00_Peter_Practice_Projects\_02_In_Progress\_02_ML_Projects_Krish_Naik_Course_list\02_DL_MLOPS_DVC_Azure_AWS\DL_Chicken_Disease_Classification_AWS_AZURE_DVC\config\config.yaml loaded successfully]
[2024-05-23 20:58:01,765: INFO: common: YAML file: C:\Users\petersunny.markappa\_00_Peter_Practice_Projects\_02_In_Progress\_02_ML_Projects_Krish_Naik_Course_list\02_DL_MLOPS_DVC_Azure_AWS\DL_Chicken_Disease_Classification_AWS_AZURE_DVC\params.yaml loaded successfully]
[2024-05-23 20:58:32,171: INFO: common: YAML file: C:\Users\petersunny.markappa\_00_Peter_Practice_Projects\_02_In_Progress\_02_ML_Projects_Krish_Naik_Course_list\02_DL_MLOPS_DVC_Azure_AWS\DL_Chicken_Disease_Classification_AWS_AZURE_DVC\config\config.yaml loaded successfully]
[2024-05-23 20:58:32,173: INFO: common: YAML file: C:\Users\petersunny.markappa\_00_Peter_Practice_Projects\_02_In_Progress\_02_ML_Projects_Krish_Naik_Course_list\02_DL_MLOPS_DVC_Azure_AWS\DL_Chicken_Disease_Classification_AWS_AZURE_DVC\params.yaml loaded successfully]
[2024-05-23 20:59:21,226: INFO: common: YAML file: C:\Users\petersunny.markappa\_00_Peter_Practice_Projects\_02_In_Progress\_02_ML_Projects_Krish_Naik_Course_list\02_DL_MLOPS_DVC_Azure_AWS\DL_Chicken_Disease_Classification_AWS_AZURE_DVC\config\config.yaml loaded successfully]
[2024-05-23 20:59:21,228: INFO: common: YAML file: C:\Users\petersunny.markappa\_00_Peter_Practice_Projects\_02_In_Progress\_02_ML_Projects_Krish_Naik_Course_list\02_DL_MLOPS_DVC_Azure_AWS\DL_Chicken_Disease_Classification_AWS_AZURE_DVC\params.yaml loaded successfully]
[2024-05-23 20:59:21,230: INFO: common: Created Directory at : artifacts]
[2024-05-23 20:59:21,233: INFO: common: Created Directory at : artifacts\prepare_callbacks\checkpoint_dir]
[2024-05-23 20:59:21,234: INFO: common: Created Directory at : artifacts\prepare_callbacks\tensorboard_log_dir]
[2024-05-23 20:59:28,216: INFO: common: YAML file: C:\Users\petersunny.markappa\_00_Peter_Practice_Projects\_02_In_Progress\_02_ML_Projects_Krish_Naik_Course_list\02_DL_MLOPS_DVC_Azure_AWS\DL_Chicken_Disease_Classification_AWS_AZURE_DVC\config\config.yaml loaded successfully]
[2024-05-23 20:59:28,218: INFO: common: YAML file: C:\Users\petersunny.markappa\_00_Peter_Practice_Projects\_02_In_Progress\_02_ML_Projects_Krish_Naik_Course_list\02_DL_MLOPS_DVC_Azure_AWS\DL_Chicken_Disease_Classification_AWS_AZURE_DVC\params.yaml loaded successfully]
[2024-05-23 20:59:33,460: INFO: common: YAML file: C:\Users\petersunny.markappa\_00_Peter_Practice_Projects\_02_In_Progress\_02_ML_Projects_Krish_Naik_Course_list\02_DL_MLOPS_DVC_Azure_AWS\DL_Chicken_Disease_Classification_AWS_AZURE_DVC\config\config.yaml loaded successfully]
[2024-05-23 20:59:33,463: INFO: common: YAML file: C:\Users\petersunny.markappa\_00_Peter_Practice_Projects\_02_In_Progress\_02_ML_Projects_Krish_Naik_Course_list\02_DL_MLOPS_DVC_Azure_AWS\DL_Chicken_Disease_Classification_AWS_AZURE_DVC\params.yaml loaded successfully]
[2024-05-23 21:05:05,163: INFO: common: YAML file: C:\Users\petersunny.markappa\_00_Peter_Practice_Projects\_02_In_Progress\_02_ML_Projects_Krish_Naik_Course_list\02_DL_MLOPS_DVC_Azure_AWS\DL_Chicken_Disease_Classification_AWS_AZURE_DVC\config\config.yaml loaded successfully]
[2024-05-23 21:05:05,166: INFO: common: YAML file: C:\Users\petersunny.markappa\_00_Peter_Practice_Projects\_02_In_Progress\_02_ML_Projects_Krish_Naik_Course_list\02_DL_MLOPS_DVC_Azure_AWS\DL_Chicken_Disease_Classification_AWS_AZURE_DVC\params.yaml loaded successfully]
[2024-05-23 21:05:29,131: INFO: common: YAML file: C:\Users\petersunny.markappa\_00_Peter_Practice_Projects\_02_In_Progress\_02_ML_Projects_Krish_Naik_Course_list\02_DL_MLOPS_DVC_Azure_AWS\DL_Chicken_Disease_Classification_AWS_AZURE_DVC\config\config.yaml loaded successfully]
[2024-05-23 21:05:29,134: INFO: common: YAML file: C:\Users\petersunny.markappa\_00_Peter_Practice_Projects\_02_In_Progress\_02_ML_Projects_Krish_Naik_Course_list\02_DL_MLOPS_DVC_Azure_AWS\DL_Chicken_Disease_Classification_AWS_AZURE_DVC\params.yaml loaded successfully]
[2024-05-23 21:08:05,972: INFO: common: YAML file: C:\Users\petersunny.markappa\_00_Peter_Practice_Projects\_02_In_Progress\_02_ML_Projects_Krish_Naik_Course_list\02_DL_MLOPS_DVC_Azure_AWS\DL_Chicken_Disease_Classification_AWS_AZURE_DVC\config\config.yaml loaded successfully]
[2024-05-23 21:08:05,975: INFO: common: YAML file: C:\Users\petersunny.markappa\_00_Peter_Practice_Projects\_02_In_Progress\_02_ML_Projects_Krish_Naik_Course_list\02_DL_MLOPS_DVC_Azure_AWS\DL_Chicken_Disease_Classification_AWS_AZURE_DVC\params.yaml loaded successfully]
[2024-05-23 21:09:09,567: INFO: common: YAML file: C:\Users\petersunny.markappa\_00_Peter_Practice_Projects\_02_In_Progress\_02_ML_Projects_Krish_Naik_Course_list\02_DL_MLOPS_DVC_Azure_AWS\DL_Chicken_Disease_Classification_AWS_AZURE_DVC\config\config.yaml loaded successfully]
[2024-05-23 21:09:09,569: INFO: common: YAML file: C:\Users\petersunny.markappa\_00_Peter_Practice_Projects\_02_In_Progress\_02_ML_Projects_Krish_Naik_Course_list\02_DL_MLOPS_DVC_Azure_AWS\DL_Chicken_Disease_Classification_AWS_AZURE_DVC\params.yaml loaded successfully]
[2024-05-23 21:09:54,548: INFO: common: YAML file: C:\Users\petersunny.markappa\_00_Peter_Practice_Projects\_02_In_Progress\_02_ML_Projects_Krish_Naik_Course_list\02_DL_MLOPS_DVC_Azure_AWS\DL_Chicken_Disease_Classification_AWS_AZURE_DVC\config\config.yaml loaded successfully]
[2024-05-23 21:09:54,550: INFO: common: YAML file: C:\Users\petersunny.markappa\_00_Peter_Practice_Projects\_02_In_Progress\_02_ML_Projects_Krish_Naik_Course_list\02_DL_MLOPS_DVC_Azure_AWS\DL_Chicken_Disease_Classification_AWS_AZURE_DVC\params.yaml loaded successfully]
[2024-05-23 21:10:04,169: INFO: common: YAML file: C:\Users\petersunny.markappa\_00_Peter_Practice_Projects\_02_In_Progress\_02_ML_Projects_Krish_Naik_Course_list\02_DL_MLOPS_DVC_Azure_AWS\DL_Chicken_Disease_Classification_AWS_AZURE_DVC\config\config.yaml loaded successfully]
[2024-05-23 21:10:04,177: INFO: common: YAML file: C:\Users\petersunny.markappa\_00_Peter_Practice_Projects\_02_In_Progress\_02_ML_Projects_Krish_Naik_Course_list\02_DL_MLOPS_DVC_Azure_AWS\DL_Chicken_Disease_Classification_AWS_AZURE_DVC\params.yaml loaded successfully]
[2024-05-23 21:16:45,082: INFO: common: YAML file: C:\Users\petersunny.markappa\_00_Peter_Practice_Projects\_02_In_Progress\_02_ML_Projects_Krish_Naik_Course_list\02_DL_MLOPS_DVC_Azure_AWS\DL_Chicken_Disease_Classification_AWS_AZURE_DVC\config\config.yaml loaded successfully]
[2024-05-23 21:16:45,084: INFO: common: YAML file: C:\Users\petersunny.markappa\_00_Peter_Practice_Projects\_02_In_Progress\_02_ML_Projects_Krish_Naik_Course_list\02_DL_MLOPS_DVC_Azure_AWS\DL_Chicken_Disease_Classification_AWS_AZURE_DVC\params.yaml loaded successfully]
[2024-05-23 21:18:40,021: INFO: common: YAML file: C:\Users\petersunny.markappa\_00_Peter_Practice_Projects\_02_In_Progress\_02_ML_Projects_Krish_Naik_Course_list\02_DL_MLOPS_DVC_Azure_AWS\DL_Chicken_Disease_Classification_AWS_AZURE_DVC\config\config.yaml loaded successfully]
[2024-05-23 21:18:40,023: INFO: common: YAML file: C:\Users\petersunny.markappa\_00_Peter_Practice_Projects\_02_In_Progress\_02_ML_Projects_Krish_Naik_Course_list\02_DL_MLOPS_DVC_Azure_AWS\DL_Chicken_Disease_Classification_AWS_AZURE_DVC\params.yaml loaded successfully]
[2024-05-23 21:22:04,048: INFO: common: YAML file: C:\Users\petersunny.markappa\_00_Peter_Practice_Projects\_02_In_Progress\_02_ML_Projects_Krish_Naik_Course_list\02_DL_MLOPS_DVC_Azure_AWS\DL_Chicken_Disease_Classification_AWS_AZURE_DVC\config\config.yaml loaded successfully]
[2024-05-23 21:22:04,050: INFO: common: YAML file: C:\Users\petersunny.markappa\_00_Peter_Practice_Projects\_02_In_Progress\_02_ML_Projects_Krish_Naik_Course_list\02_DL_MLOPS_DVC_Azure_AWS\DL_Chicken_Disease_Classification_AWS_AZURE_DVC\params.yaml loaded successfully]
[2024-05-24 14:12:17,328: INFO: main: ........ Stage Data Ingestion Stage started........!!!!!!!!]
[2024-05-24 14:12:17,333: INFO: common: YAML file: C:\Users\petersunny.markappa\_00_Peter_Practice_Projects\_02_In_Progress\_02_ML_Projects_Krish_Naik_Course_list\02_DL_MLOPS_DVC_Azure_AWS\DL_Chicken_Disease_Classification_AWS_AZURE_DVC\config\config.yaml loaded successfully]
[2024-05-24 14:12:17,334: INFO: common: YAML file: C:\Users\petersunny.markappa\_00_Peter_Practice_Projects\_02_In_Progress\_02_ML_Projects_Krish_Naik_Course_list\02_DL_MLOPS_DVC_Azure_AWS\DL_Chicken_Disease_Classification_AWS_AZURE_DVC\params.yaml loaded successfully]
[2024-05-24 14:12:17,336: INFO: data_ingestion: File already exists of size: ~ 11345 KB]
[2024-05-24 14:12:17,730: INFO: main: ......... Stage Data Ingestion Stage Completed .......!!!!!!]
[2024-05-24 14:12:17,731: INFO: main: ........ Stage Prepare Base Model started........!!!!!!!!]
[2024-05-24 14:12:17,733: INFO: common: YAML file: C:\Users\petersunny.markappa\_00_Peter_Practice_Projects\_02_In_Progress\_02_ML_Projects_Krish_Naik_Course_list\02_DL_MLOPS_DVC_Azure_AWS\DL_Chicken_Disease_Classification_AWS_AZURE_DVC\config\config.yaml loaded successfully]
[2024-05-24 14:12:17,734: INFO: common: YAML file: C:\Users\petersunny.markappa\_00_Peter_Practice_Projects\_02_In_Progress\_02_ML_Projects_Krish_Naik_Course_list\02_DL_MLOPS_DVC_Azure_AWS\DL_Chicken_Disease_Classification_AWS_AZURE_DVC\params.yaml loaded successfully]
[2024-05-24 14:12:17,987: WARNING: saving_api: You are saving your model as an HDF5 file via `model.save()` or `keras.saving.save_model(model)`. This file format is considered legacy. We recommend using instead the native Keras format, e.g. `model.save('my_model.keras')` or `keras.saving.save_model(model, 'my_model.keras')`. ]
[2024-05-24 14:12:18,058: INFO: main: ......... Stage Prepare Base Model Completed .......!!!!!!]
[2024-05-24 14:12:18,059: INFO: main: ........ Stage Training started........!!!!!!!!]
[2024-05-24 14:12:18,059: ERROR: main: __init__() missing 1 required positional argument: 'config']
Traceback (most recent call last):
  File "C:\Users\petersunny.markappa\_00_Peter_Practice_Projects\_02_In_Progress\_02_ML_Projects_Krish_Naik_Course_list\02_DL_MLOPS_DVC_Azure_AWS\DL_Chicken_Disease_Classification_AWS_AZURE_DVC\main.py", line 33, in <module>
    obj = Training()
TypeError: __init__() missing 1 required positional argument: 'config'
[2024-05-24 14:13:39,590: INFO: main: ........ Stage Data Ingestion Stage started........!!!!!!!!]
[2024-05-24 14:13:39,594: INFO: common: YAML file: C:\Users\petersunny.markappa\_00_Peter_Practice_Projects\_02_In_Progress\_02_ML_Projects_Krish_Naik_Course_list\02_DL_MLOPS_DVC_Azure_AWS\DL_Chicken_Disease_Classification_AWS_AZURE_DVC\config\config.yaml loaded successfully]
[2024-05-24 14:13:39,596: INFO: common: YAML file: C:\Users\petersunny.markappa\_00_Peter_Practice_Projects\_02_In_Progress\_02_ML_Projects_Krish_Naik_Course_list\02_DL_MLOPS_DVC_Azure_AWS\DL_Chicken_Disease_Classification_AWS_AZURE_DVC\params.yaml loaded successfully]
[2024-05-24 14:13:39,599: INFO: data_ingestion: File already exists of size: ~ 11345 KB]
[2024-05-24 14:13:40,063: INFO: main: ......... Stage Data Ingestion Stage Completed .......!!!!!!]
[2024-05-24 14:13:40,063: INFO: main: ........ Stage Prepare Base Model started........!!!!!!!!]
[2024-05-24 14:13:40,066: INFO: common: YAML file: C:\Users\petersunny.markappa\_00_Peter_Practice_Projects\_02_In_Progress\_02_ML_Projects_Krish_Naik_Course_list\02_DL_MLOPS_DVC_Azure_AWS\DL_Chicken_Disease_Classification_AWS_AZURE_DVC\config\config.yaml loaded successfully]
[2024-05-24 14:13:40,067: INFO: common: YAML file: C:\Users\petersunny.markappa\_00_Peter_Practice_Projects\_02_In_Progress\_02_ML_Projects_Krish_Naik_Course_list\02_DL_MLOPS_DVC_Azure_AWS\DL_Chicken_Disease_Classification_AWS_AZURE_DVC\params.yaml loaded successfully]
[2024-05-24 14:13:40,360: WARNING: saving_api: You are saving your model as an HDF5 file via `model.save()` or `keras.saving.save_model(model)`. This file format is considered legacy. We recommend using instead the native Keras format, e.g. `model.save('my_model.keras')` or `keras.saving.save_model(model, 'my_model.keras')`. ]
[2024-05-24 14:13:40,427: INFO: main: ......... Stage Prepare Base Model Completed .......!!!!!!]
[2024-05-24 14:13:40,428: INFO: main: ........ Stage Training started........!!!!!!!!]
[2024-05-24 14:13:40,430: INFO: common: YAML file: C:\Users\petersunny.markappa\_00_Peter_Practice_Projects\_02_In_Progress\_02_ML_Projects_Krish_Naik_Course_list\02_DL_MLOPS_DVC_Azure_AWS\DL_Chicken_Disease_Classification_AWS_AZURE_DVC\config\config.yaml loaded successfully]
[2024-05-24 14:13:40,432: INFO: common: YAML file: C:\Users\petersunny.markappa\_00_Peter_Practice_Projects\_02_In_Progress\_02_ML_Projects_Krish_Naik_Course_list\02_DL_MLOPS_DVC_Azure_AWS\DL_Chicken_Disease_Classification_AWS_AZURE_DVC\params.yaml loaded successfully]
[2024-05-24 14:13:40,433: INFO: common: Created Directory at : artifacts\training]
[2024-05-24 14:13:40,529: WARNING: saving_utils: Compiled the loaded model, but the compiled metrics have yet to be built. `model.compile_metrics` will be empty until you train or evaluate the model.]
[2024-05-24 14:13:56,473: INFO: main: ......... Stage Training Completed .......!!!!!!]
[2024-05-24 14:15:22,232: INFO: main: ........ Stage Data Ingestion Stage started........!!!!!!!!]
[2024-05-24 14:15:22,235: INFO: common: YAML file: C:\Users\petersunny.markappa\_00_Peter_Practice_Projects\_02_In_Progress\_02_ML_Projects_Krish_Naik_Course_list\02_DL_MLOPS_DVC_Azure_AWS\DL_Chicken_Disease_Classification_AWS_AZURE_DVC\config\config.yaml loaded successfully]
[2024-05-24 14:15:22,236: INFO: common: YAML file: C:\Users\petersunny.markappa\_00_Peter_Practice_Projects\_02_In_Progress\_02_ML_Projects_Krish_Naik_Course_list\02_DL_MLOPS_DVC_Azure_AWS\DL_Chicken_Disease_Classification_AWS_AZURE_DVC\params.yaml loaded successfully]
[2024-05-24 14:15:22,237: INFO: common: Created Directory at : artifacts]
[2024-05-24 14:15:28,000: INFO: main: ......... Stage Data Ingestion Stage Completed .......!!!!!!]
[2024-05-24 14:15:28,000: INFO: main: ........ Stage Prepare Base Model started........!!!!!!!!]
[2024-05-24 14:15:28,002: INFO: common: YAML file: C:\Users\petersunny.markappa\_00_Peter_Practice_Projects\_02_In_Progress\_02_ML_Projects_Krish_Naik_Course_list\02_DL_MLOPS_DVC_Azure_AWS\DL_Chicken_Disease_Classification_AWS_AZURE_DVC\config\config.yaml loaded successfully]
[2024-05-24 14:15:28,003: INFO: common: YAML file: C:\Users\petersunny.markappa\_00_Peter_Practice_Projects\_02_In_Progress\_02_ML_Projects_Krish_Naik_Course_list\02_DL_MLOPS_DVC_Azure_AWS\DL_Chicken_Disease_Classification_AWS_AZURE_DVC\params.yaml loaded successfully]
[2024-05-24 14:15:28,004: INFO: common: Created Directory at : artifacts/prepare_base_model]
[2024-05-24 14:15:28,274: WARNING: saving_api: You are saving your model as an HDF5 file via `model.save()` or `keras.saving.save_model(model)`. This file format is considered legacy. We recommend using instead the native Keras format, e.g. `model.save('my_model.keras')` or `keras.saving.save_model(model, 'my_model.keras')`. ]
[2024-05-24 14:15:28,338: INFO: main: ......... Stage Prepare Base Model Completed .......!!!!!!]
[2024-05-24 14:15:28,338: INFO: main: ........ Stage Training started........!!!!!!!!]
[2024-05-24 14:15:28,342: INFO: common: YAML file: C:\Users\petersunny.markappa\_00_Peter_Practice_Projects\_02_In_Progress\_02_ML_Projects_Krish_Naik_Course_list\02_DL_MLOPS_DVC_Azure_AWS\DL_Chicken_Disease_Classification_AWS_AZURE_DVC\config\config.yaml loaded successfully]
[2024-05-24 14:15:28,344: INFO: common: YAML file: C:\Users\petersunny.markappa\_00_Peter_Practice_Projects\_02_In_Progress\_02_ML_Projects_Krish_Naik_Course_list\02_DL_MLOPS_DVC_Azure_AWS\DL_Chicken_Disease_Classification_AWS_AZURE_DVC\params.yaml loaded successfully]
[2024-05-24 14:15:28,346: INFO: common: Created Directory at : artifacts\prepare_callbacks\checkpoint_dir]
[2024-05-24 14:15:28,346: INFO: common: Created Directory at : artifacts\prepare_callbacks\tensorboard_log_dir]
[2024-05-24 14:15:28,347: INFO: common: Created Directory at : artifacts\training]
[2024-05-24 14:15:28,459: WARNING: saving_utils: Compiled the loaded model, but the compiled metrics have yet to be built. `model.compile_metrics` will be empty until you train or evaluate the model.]
[2024-05-24 14:15:45,106: INFO: main: ......... Stage Training Completed .......!!!!!!]
